2023/08/24 22:22:38	This log contains information about the import schema operation into project 'CAS_Engineering' on computer 'LAPTOP-D6N42ULH' by user 'caity'.
2023/08/24 22:22:38	Import of database schema has started.
2023/08/24 22:22:49	Gathering database credentials
2023/08/24 22:22:49	Gathering database options
2023/08/24 22:22:49	Gathering generic database scoped configuration option
2023/08/24 22:22:49	Gathering users
2023/08/24 22:22:49	Gathering roles
2023/08/24 22:22:49	Gathering application roles
2023/08/24 22:22:49	Gathering role memberships
2023/08/24 22:22:49	Gathering filegroups
2023/08/24 22:22:49	Gathering full-text catalogs
2023/08/24 22:22:49	Gathering assemblies
2023/08/24 22:22:49	Gathering certificates
2023/08/24 22:22:49	Gathering asymmetric keys
2023/08/24 22:22:49	Gathering symmetric keys
2023/08/24 22:22:49	Gathering encrypted symmetric keys
2023/08/24 22:22:49	Gathering schemas
2023/08/24 22:22:49	Gathering XML schema collections
2023/08/24 22:22:49	Gathering user-defined data types
2023/08/24 22:22:49	Gathering user-defined types
2023/08/24 22:22:49	Gathering table types
2023/08/24 22:22:49	Gathering unique keys for table types
2023/08/24 22:22:49	Gathering primary keys for table types
2023/08/24 22:22:50	Gathering indexes for table types
2023/08/24 22:22:50	Gathering check constraints for table types
2023/08/24 22:22:50	Gathering default constraints for table types
2023/08/24 22:22:50	Gathering partition functions
2023/08/24 22:22:50	Gathering partition schemes
2023/08/24 22:22:50	Gathering functions
2023/08/24 22:22:50	Gathering encrypted functions
2023/08/24 22:22:50	Gathering aggregates
2023/08/24 22:22:50	Gathering procedures
2023/08/24 22:22:50	Gathering encrypted procedures
2023/08/24 22:22:50	Gathering tables
2023/08/24 22:22:50	Gathering primary keys
2023/08/24 22:22:50	Gathering unique constraints
2023/08/24 22:22:50	Gathering foreign keys
2023/08/24 22:22:50	Gathering default constraints
2023/08/24 22:22:50	Gathering check constraints
2023/08/24 22:22:50	Gathering views
2023/08/24 22:22:50	Gathering encrypted views
2023/08/24 22:22:50	Gathering indexes
2023/08/24 22:22:50	Gathering statistics
2023/08/24 22:22:50	Gathering full-text index stoplists
2023/08/24 22:22:50	Gathering search property lists
2023/08/24 22:22:50	Gathering search properties
2023/08/24 22:22:50	Gathering full-text indexes
2023/08/24 22:22:50	Gathering column store indexes
2023/08/24 22:22:50	Gathering spatial indexes
2023/08/24 22:22:50	Gathering XML indexes
2023/08/24 22:22:50	Gathering Selective XML indexes
2023/08/24 22:22:50	Gathering encrypted triggers
2023/08/24 22:22:50	Gathering triggers
2023/08/24 22:22:50	Gathering encrypted and clr ddl triggers
2023/08/24 22:22:50	Gathering ddl triggers
2023/08/24 22:22:50	Creating edge constraints
2023/08/24 22:22:50	Gathering synonyms
2023/08/24 22:22:50	Gathering defaults
2023/08/24 22:22:50	Gathering data constraint uddt bindings
2023/08/24 22:22:50	Gathering rules
2023/08/24 22:22:50	Gathering data constraint uddt bindings
2023/08/24 22:22:50	Gathering message types
2023/08/24 22:22:50	Gathering queues
2023/08/24 22:22:50	Gathering contracts
2023/08/24 22:22:50	Gathering services
2023/08/24 22:22:50	Gathering event notifications
2023/08/24 22:22:50	Gathering remote service bindings
2023/08/24 22:22:50	Gathering broker priorities
2023/08/24 22:22:50	Gathering signatures
2023/08/24 22:22:50	Gathering compression options
2023/08/24 22:22:50	Gathering sequence types
2023/08/24 22:22:50	Gathering security policies
2023/08/24 22:22:50	Gather column encryption keys
2023/08/24 22:22:50	Gathering column master keys
2023/08/24 22:22:50	Gathering external data sources
2023/08/24 22:22:50	Gathering external file formats
2023/08/24 22:22:50	Gathering external tables
2023/08/24 22:22:50	Gathering XML index compression options
2023/08/24 22:22:50	Gathering extended properties
2023/08/24 22:22:50	Gathering assemblies
2023/08/24 22:22:51	Gathering credentials
2023/08/24 22:22:51	Gathering logins
2023/08/24 22:22:51	Gathering server audits
2023/08/24 22:22:52	Scanning project for duplicate elements
2023/08/24 22:22:53	Finished duplicate element processing
2023/08/24 22:22:54	Finished importing database.
2023/08/24 22:22:54	A summary of the import was saved to the following location: C:\Users\caity\OneDrive\Documents\GitHub\CAS_EngineeringSQLServer\CAS_Engineering\Import Schema Logs\CAS_Engineering_20230824082238.log
2023/08/24 22:22:54	Click Finish to continue...
